\BOOKMARK [1][-]{section.1}{\376\377\000I\000n\000t\000r\000o\000d\000u\000c\000t\000i\000o\000n}{}% 1
\BOOKMARK [2][-]{subsection.1.1}{\376\377\000S\000y\000m\000m\000e\000t\000r\000i\000c\000\040\000g\000r\000o\000u\000p}{section.1}% 2
\BOOKMARK [2][-]{subsection.1.2}{\376\377\000L\000i\000n\000e\000a\000r\000\040\000g\000r\000o\000u\000p}{section.1}% 3
\BOOKMARK [2][-]{subsection.1.3}{\376\377\000O\000r\000d\000e\000r\000\040\000o\000f\000\040\000e\000l\000e\000m\000e\000n\000t\000s}{section.1}% 4
\BOOKMARK [2][-]{subsection.1.4}{\376\377\000S\000u\000b\000g\000r\000o\000u\000p\000\040\000a\000n\000d\000\040\000c\000o\000s\000e\000t}{section.1}% 5
\BOOKMARK [2][-]{subsection.1.5}{\376\377\000N\000o\000r\000m\000a\000l\000\040\000s\000u\000b\000g\000r\000o\000u\000p\000\040\000a\000n\000d\000\040\000q\000u\000o\000t\000i\000e\000n\000t\000\040\000g\000r\000o\000u\000p}{section.1}% 6
\BOOKMARK [2][-]{subsection.1.6}{\376\377\000H\000o\000m\000o\000m\000o\000r\000p\000h\000i\000s\000m\000s}{section.1}% 7
\BOOKMARK [1][-]{section.2}{\376\377\000G\000r\000o\000u\000p\000\040\000a\000c\000t\000i\000o\000n}{}% 8
\BOOKMARK [2][-]{subsection.2.1}{\376\377\000P\000e\000r\000m\000u\000t\000a\000t\000i\000o\000n\000\040\000g\000r\000o\000u\000p\000s}{section.2}% 9
\BOOKMARK [2][-]{subsection.2.2}{\376\377\000G\000r\000o\000u\000p\000\040\000a\000c\000t\000i\000o\000n\000s}{section.2}% 10
\BOOKMARK [2][-]{subsection.2.3}{\376\377\000F\000i\000x\000e\000d\000\040\000p\000o\000i\000n\000t\000s}{section.2}% 11
\BOOKMARK [1][-]{section.3}{\376\377\000S\000y\000l\000o\000w\000\040\000t\000h\000e\000o\000r\000e\000m\000s}{}% 12
\BOOKMARK [2][-]{subsection.3.1}{\376\377\000W\000i\000e\000l\000a\000n\000d\000t\000'\000s\000\040\000p\000r\000o\000o\000f\000\040\000o\000f\000\040\000S\000y\000l\000o\000w\000\040\000t\000h\000e\000o\000r\000e\000m\000s\000\040\0001\000\040\000\046\000\040\0004}{section.3}% 13
\BOOKMARK [2][-]{subsection.3.2}{\376\377\000P\000r\000o\000o\000f\000s\000\040\000o\000f\000\040\000S\000y\000l\000o\000w\000\040\000t\000h\000e\000o\000r\000e\000m\000s\000\040\0002\000\040\000\046\000\040\0003}{section.3}% 14
\BOOKMARK [2][-]{subsection.3.3}{\376\377\000C\000o\000n\000s\000e\000q\000u\000e\000n\000c\000e\000s\000\040\000o\000f\000\040\000S\000y\000l\000o\000w\000\040\000t\000h\000e\000o\000r\000e\000m\000s}{section.3}% 15
\BOOKMARK [2][-]{subsection.3.4}{\376\377\0002\000\040\000a\000p\000p\000l\000i\000c\000a\000t\000i\000o\000n\000s\000\040\000o\000f\000\040\000S\000y\000l\000o\000w\000\040\000t\000h\000e\000o\000r\000e\000m\000s}{section.3}% 16
\BOOKMARK [1][-]{section.4}{\376\377\000C\000l\000a\000s\000s\000i\000f\000y\000i\000n\000g\000\040\000g\000r\000o\000u\000p\000s\000\040\000o\000f\000\040\000s\000m\000a\000l\000l\000\040\000o\000r\000d\000e\000r}{}% 17
\BOOKMARK [2][-]{subsection.4.1}{\376\377\000S\000e\000m\000i\000d\000i\000r\000e\000c\000t\000\040\000p\000r\000o\000d\000u\000c\000t}{section.4}% 18
\BOOKMARK [2][-]{subsection.4.2}{\376\377\000S\000e\000m\000i\000d\000i\000r\000e\000c\000t\000\040\000p\000r\000o\000d\000u\000c\000t\000\040\000o\000f\000\040\000a\000n\000\040\000a\000b\000e\000l\000i\000a\000n\000\040\000g\000r\000o\000u\000p\000\040\000a\000n\000d\000\040\000a\000\040\000c\000y\000c\000l\000i\000c\000\040\000g\000r\000o\000u\000p}{section.4}% 19
\BOOKMARK [1][-]{section.5}{\376\377\000S\000o\000l\000u\000b\000l\000e\000\040\000g\000r\000o\000u\000p}{}% 20
